{"ts":"2025-08-26T09:13:56.423Z","level":"INFO","msg":"service.start","port":"3000","baseUrl":"http://localhost:3000"}
{"ts":"2025-08-26T09:15:20.598Z","level":"INFO","msg":"request.start","method":"GET","path":"/health","headers":{"user-agent":"curl/8.14.1"},"ip":"::1"}
{"ts":"2025-08-26T09:15:20.608Z","level":"INFO","msg":"request.end","method":"GET","path":"/health","headers":{"user-agent":"curl/8.14.1"},"ip":"::1","status":200,"durationMs":10}
{"ts":"2025-08-26T09:16:14.459Z","level":"INFO","msg":"request.start","method":"GET","path":"/health","headers":{"user-agent":"curl/8.14.1"},"ip":"::1"}
{"ts":"2025-08-26T09:16:14.461Z","level":"INFO","msg":"request.end","method":"GET","path":"/health","headers":{"user-agent":"curl/8.14.1"},"ip":"::1","status":200,"durationMs":2}
{"ts":"2025-08-26T09:17:13.940Z","level":"INFO","msg":"request.start","method":"GET","path":"/health","headers":{"user-agent":"PostmanRuntime/7.43.0"},"ip":"::1"}
{"ts":"2025-08-26T09:17:13.942Z","level":"INFO","msg":"request.end","method":"GET","path":"/health","headers":{"user-agent":"PostmanRuntime/7.43.0"},"ip":"::1","status":200,"durationMs":2}
{"ts":"2025-08-26T09:18:39.905Z","level":"INFO","msg":"request.start","method":"POST","path":"/shorturls%0A","headers":{"user-agent":"PostmanRuntime/7.43.0"},"ip":"::1"}
{"ts":"2025-08-26T09:18:39.908Z","level":"INFO","msg":"request.end","method":"POST","path":"/shorturls%0A","headers":{"user-agent":"PostmanRuntime/7.43.0"},"ip":"::1","status":404,"durationMs":3}
{"ts":"2025-08-26T09:30:53.646Z","level":"INFO","msg":"request.start","method":"POST","path":"/shorturls%0A","headers":{"user-agent":"PostmanRuntime/7.43.0"},"ip":"::1"}
{"ts":"2025-08-26T09:30:53.649Z","level":"INFO","msg":"request.end","method":"POST","path":"/shorturls%0A","headers":{"user-agent":"PostmanRuntime/7.43.0"},"ip":"::1","status":404,"durationMs":3}
{"ts":"2025-08-26T09:31:08.205Z","level":"INFO","msg":"request.start","method":"POST","path":"/shorturls%0A","headers":{"user-agent":"PostmanRuntime/7.43.0"},"ip":"::1"}
{"ts":"2025-08-26T09:31:08.208Z","level":"INFO","msg":"request.end","method":"POST","path":"/shorturls%0A","headers":{"user-agent":"PostmanRuntime/7.43.0"},"ip":"::1","status":404,"durationMs":3}
{"ts":"2025-08-26T09:34:48.147Z","level":"INFO","msg":"request.start","method":"POST","path":"/shorturls%0A","headers":{"user-agent":"PostmanRuntime/7.43.0"},"ip":"::1"}
{"ts":"2025-08-26T09:34:48.149Z","level":"INFO","msg":"request.end","method":"POST","path":"/shorturls%0A","headers":{"user-agent":"PostmanRuntime/7.43.0"},"ip":"::1","status":404,"durationMs":2}
{"ts":"2025-08-26T09:38:41.654Z","level":"INFO","msg":"request.start","method":"POST","path":"/shorturls%0A","headers":{"user-agent":"PostmanRuntime/7.43.0"},"ip":"::1"}
{"ts":"2025-08-26T09:38:41.656Z","level":"INFO","msg":"request.end","method":"POST","path":"/shorturls%0A","headers":{"user-agent":"PostmanRuntime/7.43.0"},"ip":"::1","status":404,"durationMs":2}
{"ts":"2025-08-26T09:39:28.138Z","level":"INFO","msg":"request.start","method":"POST","path":"/shorturls%0A","headers":{"user-agent":"PostmanRuntime/7.43.0"},"ip":"::1"}
{"ts":"2025-08-26T09:39:28.141Z","level":"INFO","msg":"request.end","method":"POST","path":"/shorturls%0A","headers":{"user-agent":"PostmanRuntime/7.43.0"},"ip":"::1","status":404,"durationMs":3}
{"ts":"2025-08-26T09:42:09.331Z","level":"INFO","msg":"request.start","method":"POST","path":"/shorturls%0A","headers":{"user-agent":"PostmanRuntime/7.43.0"},"ip":"::1"}
{"ts":"2025-08-26T09:42:09.333Z","level":"INFO","msg":"request.end","method":"POST","path":"/shorturls%0A","headers":{"user-agent":"PostmanRuntime/7.43.0"},"ip":"::1","status":404,"durationMs":2}
{"ts":"2025-08-26T09:42:10.980Z","level":"INFO","msg":"request.start","method":"POST","path":"/shorturls%0A","headers":{"user-agent":"PostmanRuntime/7.43.0"},"ip":"::1"}
{"ts":"2025-08-26T09:42:10.982Z","level":"INFO","msg":"request.end","method":"POST","path":"/shorturls%0A","headers":{"user-agent":"PostmanRuntime/7.43.0"},"ip":"::1","status":404,"durationMs":2}
{"ts":"2025-08-26T09:45:20.008Z","level":"INFO","msg":"request.start","method":"POST","path":"/shorturls%0A","headers":{"user-agent":"PostmanRuntime/7.43.0"},"ip":"::1"}
{"ts":"2025-08-26T09:45:20.011Z","level":"INFO","msg":"request.end","method":"POST","path":"/shorturls%0A","headers":{"user-agent":"PostmanRuntime/7.43.0"},"ip":"::1","status":404,"durationMs":3}
{"ts":"2025-08-26T09:47:27.692Z","level":"INFO","msg":"request.start","method":"POST","path":"/shorturls%0A","headers":{"user-agent":"PostmanRuntime/7.43.0"},"ip":"::1"}
{"ts":"2025-08-26T09:47:27.693Z","level":"INFO","msg":"request.end","method":"POST","path":"/shorturls%0A","headers":{"user-agent":"PostmanRuntime/7.43.0"},"ip":"::1","status":404,"durationMs":1}
{"ts":"2025-08-26T09:47:47.861Z","level":"INFO","msg":"request.start","method":"POST","path":"/shorturls%0A","headers":{"user-agent":"PostmanRuntime/7.43.0"},"ip":"::1"}
{"ts":"2025-08-26T09:47:47.864Z","level":"INFO","msg":"request.end","method":"POST","path":"/shorturls%0A","headers":{"user-agent":"PostmanRuntime/7.43.0"},"ip":"::1","status":404,"durationMs":3}
{"ts":"2025-08-26T09:48:09.876Z","level":"INFO","msg":"request.start","method":"POST","path":"/shorturl%0A","headers":{"user-agent":"PostmanRuntime/7.43.0"},"ip":"::1"}
{"ts":"2025-08-26T09:48:09.878Z","level":"INFO","msg":"request.end","method":"POST","path":"/shorturl%0A","headers":{"user-agent":"PostmanRuntime/7.43.0"},"ip":"::1","status":404,"durationMs":1}
{"ts":"2025-08-26T09:48:17.463Z","level":"INFO","msg":"request.start","method":"POST","path":"/shorturl","headers":{"user-agent":"PostmanRuntime/7.43.0"},"ip":"::1"}
{"ts":"2025-08-26T09:48:17.464Z","level":"INFO","msg":"request.end","method":"POST","path":"/shorturl","headers":{"user-agent":"PostmanRuntime/7.43.0"},"ip":"::1","status":404,"durationMs":1}
{"ts":"2025-08-26T09:48:44.281Z","level":"INFO","msg":"request.start","method":"POST","path":"/shorturls","headers":{"user-agent":"PostmanRuntime/7.43.0"},"ip":"::1"}
{"ts":"2025-08-26T09:48:44.283Z","level":"INFO","msg":"shorturl.created","shortcode":"nixy4","url":"https://www.google.com","expiryAt":"2025-08-26T10:18:44.282Z"}
{"ts":"2025-08-26T09:48:44.284Z","level":"INFO","msg":"request.end","method":"POST","path":"/shorturls","headers":{"user-agent":"PostmanRuntime/7.43.0"},"ip":"::1","status":201,"durationMs":4}
{"ts":"2025-08-26T09:50:36.395Z","level":"INFO","msg":"request.start","method":"GET","path":"/nixy4","headers":{"user-agent":"Mozilla/5.0 (Windows NT 10.0; Win64; x64) AppleWebKit/537.36 (KHTML, like Gecko) Postman/11.23.3 Electron/28.3.1 Safari/537.36"},"ip":"::1"}
{"ts":"2025-08-26T09:50:36.398Z","level":"INFO","msg":"shorturl.click","shortcode":"nixy4","referrer":null,"geo":{"country":null,"region":null,"city":null,"ipPrefix":"::/64","ipHash":"4360dfc211746b5c"}}
{"ts":"2025-08-26T09:50:36.405Z","level":"INFO","msg":"request.end","method":"GET","path":"/nixy4","headers":{"user-agent":"Mozilla/5.0 (Windows NT 10.0; Win64; x64) AppleWebKit/537.36 (KHTML, like Gecko) Postman/11.23.3 Electron/28.3.1 Safari/537.36"},"ip":"::1","status":302,"durationMs":10}
